[debug] [2025-04-14T19:04:40.184Z] ----------------------------------------------------------------------
[debug] [2025-04-14T19:04:40.185Z] Command:       /Users/tuncayekmez/.nvm/versions/node/v20.15.0/bin/node /Users/tuncayekmez/.nvm/versions/node/v20.15.0/bin/firebase emulators:start --only functions
[debug] [2025-04-14T19:04:40.185Z] CLI Version:   14.1.0
[debug] [2025-04-14T19:04:40.185Z] Platform:      darwin
[debug] [2025-04-14T19:04:40.186Z] Node Version:  v20.15.0
[debug] [2025-04-14T19:04:40.186Z] Time:          Mon Apr 14 2025 22:04:40 GMT+0300 (GMT+03:00)
[debug] [2025-04-14T19:04:40.186Z] ----------------------------------------------------------------------
[debug] 
[debug] [2025-04-14T19:04:40.262Z] > command requires scopes: ["email","openid","https://www.googleapis.com/auth/cloudplatformprojects.readonly","https://www.googleapis.com/auth/firebase","https://www.googleapis.com/auth/cloud-platform"]
[debug] [2025-04-14T19:04:40.262Z] > authorizing via signed-in user (tuncayekmez@gmail.com)
[info] i  emulators: Starting emulators: functions {"metadata":{"emulator":{"name":"hub"},"message":"Starting emulators: functions"}}
[debug] [2025-04-14T19:04:40.443Z] [logging] Logging Emulator only supports listening on one address (127.0.0.1). Not listening on ::1
[debug] [2025-04-14T19:04:40.443Z] assigned listening specs for emulators {"user":{"hub":[{"address":"127.0.0.1","family":"IPv4","port":4400},{"address":"::1","family":"IPv6","port":4400}],"ui":[{"address":"127.0.0.1","family":"IPv4","port":4000},{"address":"::1","family":"IPv6","port":4000}],"logging":[{"address":"127.0.0.1","family":"IPv4","port":4500}]},"metadata":{"message":"assigned listening specs for emulators"}}
[debug] [2025-04-14T19:04:40.444Z] [hub] writing locator at /var/folders/1z/cbhxx3nx20x0vyx4nd865nkc0000gn/T/hub-ai-logo-generator-a664d.json
[debug] [2025-04-14T19:04:40.606Z] [functions] Functions Emulator only supports listening on one address (127.0.0.1). Not listening on ::1
[debug] [2025-04-14T19:04:40.606Z] [eventarc] Eventarc Emulator only supports listening on one address (127.0.0.1). Not listening on ::1
[debug] [2025-04-14T19:04:40.606Z] [tasks] Cloud Tasks Emulator only supports listening on one address (127.0.0.1). Not listening on ::1
[debug] [2025-04-14T19:04:40.606Z] late-assigned ports for functions and eventarc emulators {"user":{"hub":[{"address":"127.0.0.1","family":"IPv4","port":4400},{"address":"::1","family":"IPv6","port":4400}],"ui":[{"address":"127.0.0.1","family":"IPv4","port":4000},{"address":"::1","family":"IPv6","port":4000}],"logging":[{"address":"127.0.0.1","family":"IPv4","port":4500}],"functions":[{"address":"127.0.0.1","family":"IPv4","port":5001}],"eventarc":[{"address":"127.0.0.1","family":"IPv4","port":9299}],"tasks":[{"address":"127.0.0.1","family":"IPv4","port":9499}]},"metadata":{"message":"late-assigned ports for functions and eventarc emulators"}}
[warn] ⚠  functions: The following emulators are not running, calls to these services from the Functions emulator will affect production: apphosting, auth, firestore, database, hosting, pubsub, storage, dataconnect {"metadata":{"emulator":{"name":"functions"},"message":"The following emulators are not running, calls to these services from the Functions emulator will affect production: \u001b[1mapphosting, auth, firestore, database, hosting, pubsub, storage, dataconnect\u001b[22m"}}
[debug] [2025-04-14T19:04:40.612Z] defaultcredentials: writing to file /Users/tuncayekmez/.config/firebase/tuncayekmez_gmail_com_application_default_credentials.json
[debug] [2025-04-14T19:04:40.613Z] Setting GAC to /Users/tuncayekmez/.config/firebase/tuncayekmez_gmail_com_application_default_credentials.json {"metadata":{"emulator":{"name":"functions"},"message":"Setting GAC to /Users/tuncayekmez/.config/firebase/tuncayekmez_gmail_com_application_default_credentials.json"}}
[debug] [2025-04-14T19:04:40.613Z] Checked if tokens are valid: true, expires at: 1744659967898
[debug] [2025-04-14T19:04:40.613Z] Checked if tokens are valid: true, expires at: 1744659967898
[debug] [2025-04-14T19:04:40.614Z] >>> [apiv2][query] GET https://firebase.googleapis.com/v1beta1/projects/ai-logo-generator-a664d/adminSdkConfig [none]
[debug] [2025-04-14T19:04:41.002Z] <<< [apiv2][status] GET https://firebase.googleapis.com/v1beta1/projects/ai-logo-generator-a664d/adminSdkConfig 200
[debug] [2025-04-14T19:04:41.003Z] <<< [apiv2][body] GET https://firebase.googleapis.com/v1beta1/projects/ai-logo-generator-a664d/adminSdkConfig {"projectId":"ai-logo-generator-a664d","storageBucket":"ai-logo-generator-a664d.firebasestorage.app"}
[info] i  ui: downloading ui-v1.14.0.zip... {"metadata":{"emulator":{"name":"ui"},"message":"downloading ui-v1.14.0.zip..."}}
[debug] [2025-04-14T19:04:41.022Z] >>> [apiv2][query] GET https://storage.googleapis.com/firebase-preview-drop/emulator/ui-v1.14.0.zip 
[debug] [2025-04-14T19:04:41.295Z] <<< [apiv2][status] GET https://storage.googleapis.com/firebase-preview-drop/emulator/ui-v1.14.0.zip 200
[debug] [2025-04-14T19:04:41.295Z] <<< [apiv2][body] GET https://storage.googleapis.com/firebase-preview-drop/emulator/ui-v1.14.0.zip [stream]
[debug] [2025-04-14T19:04:41.507Z] Data is 3615311
[debug] [2025-04-14T19:04:41.507Z] [unzip] Entry: client/ (compressed_size=0 bytes, uncompressed_size=0 bytes)
[debug] [2025-04-14T19:04:41.507Z] [unzip] Processing entry: client/
[debug] [2025-04-14T19:04:41.507Z] [unzip] mkdir: /Users/tuncayekmez/.cache/firebase/emulators/ui-v1.14.0/client/
[debug] [2025-04-14T19:04:41.508Z] [unzip] Entry: client/favicon-16x16.png (compressed_size=293 bytes, uncompressed_size=293 bytes)
[debug] [2025-04-14T19:04:41.508Z] [unzip] Processing entry: client/favicon-16x16.png
[debug] [2025-04-14T19:04:41.508Z] [unzip] else mkdir: /Users/tuncayekmez/.cache/firebase/emulators/ui-v1.14.0/client
[debug] [2025-04-14T19:04:41.508Z] [unzip] Writing file: /Users/tuncayekmez/.cache/firebase/emulators/ui-v1.14.0/client/favicon-16x16.png
[debug] [2025-04-14T19:04:41.508Z] [unzip] Entry: client/safari-pinned-tab.svg (compressed_size=1433 bytes, uncompressed_size=2611 bytes)
[debug] [2025-04-14T19:04:41.508Z] [unzip] Processing entry: client/safari-pinned-tab.svg
[debug] [2025-04-14T19:04:41.508Z] [unzip] else mkdir: /Users/tuncayekmez/.cache/firebase/emulators/ui-v1.14.0/client
[debug] [2025-04-14T19:04:41.508Z] [unzip] deflating: /Users/tuncayekmez/.cache/firebase/emulators/ui-v1.14.0/client/safari-pinned-tab.svg
[debug] [2025-04-14T19:04:41.510Z] [unzip] Entry: client/favicon.ico (compressed_size=2933 bytes, uncompressed_size=13294 bytes)
[debug] [2025-04-14T19:04:41.510Z] [unzip] Processing entry: client/favicon.ico
[debug] [2025-04-14T19:04:41.510Z] [unzip] else mkdir: /Users/tuncayekmez/.cache/firebase/emulators/ui-v1.14.0/client
[debug] [2025-04-14T19:04:41.510Z] [unzip] deflating: /Users/tuncayekmez/.cache/firebase/emulators/ui-v1.14.0/client/favicon.ico
[debug] [2025-04-14T19:04:41.510Z] [unzip] Entry: client/index.html (compressed_size=1363 bytes, uncompressed_size=3071 bytes)
[debug] [2025-04-14T19:04:41.510Z] [unzip] Processing entry: client/index.html
[debug] [2025-04-14T19:04:41.510Z] [unzip] else mkdir: /Users/tuncayekmez/.cache/firebase/emulators/ui-v1.14.0/client
[debug] [2025-04-14T19:04:41.510Z] [unzip] deflating: /Users/tuncayekmez/.cache/firebase/emulators/ui-v1.14.0/client/index.html
[debug] [2025-04-14T19:04:41.511Z] [unzip] Entry: client/android-chrome-192x192.png (compressed_size=2684 bytes, uncompressed_size=2684 bytes)
[debug] [2025-04-14T19:04:41.511Z] [unzip] Processing entry: client/android-chrome-192x192.png
[debug] [2025-04-14T19:04:41.511Z] [unzip] else mkdir: /Users/tuncayekmez/.cache/firebase/emulators/ui-v1.14.0/client
[debug] [2025-04-14T19:04:41.511Z] [unzip] Writing file: /Users/tuncayekmez/.cache/firebase/emulators/ui-v1.14.0/client/android-chrome-192x192.png
[debug] [2025-04-14T19:04:41.511Z] [unzip] Entry: client/apple-touch-icon.png (compressed_size=2123 bytes, uncompressed_size=2152 bytes)
[debug] [2025-04-14T19:04:41.511Z] [unzip] Processing entry: client/apple-touch-icon.png
[debug] [2025-04-14T19:04:41.511Z] [unzip] else mkdir: /Users/tuncayekmez/.cache/firebase/emulators/ui-v1.14.0/client
[debug] [2025-04-14T19:04:41.511Z] [unzip] deflating: /Users/tuncayekmez/.cache/firebase/emulators/ui-v1.14.0/client/apple-touch-icon.png
[debug] [2025-04-14T19:04:41.512Z] [unzip] Entry: client/android-chrome-512x512.png (compressed_size=5369 bytes, uncompressed_size=5411 bytes)
[debug] [2025-04-14T19:04:41.512Z] [unzip] Processing entry: client/android-chrome-512x512.png
[debug] [2025-04-14T19:04:41.512Z] [unzip] else mkdir: /Users/tuncayekmez/.cache/firebase/emulators/ui-v1.14.0/client
[debug] [2025-04-14T19:04:41.512Z] [unzip] deflating: /Users/tuncayekmez/.cache/firebase/emulators/ui-v1.14.0/client/android-chrome-512x512.png
[debug] [2025-04-14T19:04:41.512Z] [unzip] Entry: client/manifest.json (compressed_size=245 bytes, uncompressed_size=551 bytes)
[debug] [2025-04-14T19:04:41.512Z] [unzip] Processing entry: client/manifest.json
[debug] [2025-04-14T19:04:41.512Z] [unzip] else mkdir: /Users/tuncayekmez/.cache/firebase/emulators/ui-v1.14.0/client
[debug] [2025-04-14T19:04:41.512Z] [unzip] deflating: /Users/tuncayekmez/.cache/firebase/emulators/ui-v1.14.0/client/manifest.json
[debug] [2025-04-14T19:04:41.512Z] [unzip] Entry: client/robots.txt (compressed_size=26 bytes, uncompressed_size=26 bytes)
[debug] [2025-04-14T19:04:41.512Z] [unzip] Processing entry: client/robots.txt
[debug] [2025-04-14T19:04:41.512Z] [unzip] else mkdir: /Users/tuncayekmez/.cache/firebase/emulators/ui-v1.14.0/client
[debug] [2025-04-14T19:04:41.512Z] [unzip] Writing file: /Users/tuncayekmez/.cache/firebase/emulators/ui-v1.14.0/client/robots.txt
[debug] [2025-04-14T19:04:41.513Z] [unzip] Entry: client/mstile-150x150.png (compressed_size=2034 bytes, uncompressed_size=2034 bytes)
[debug] [2025-04-14T19:04:41.513Z] [unzip] Processing entry: client/mstile-150x150.png
[debug] [2025-04-14T19:04:41.513Z] [unzip] else mkdir: /Users/tuncayekmez/.cache/firebase/emulators/ui-v1.14.0/client
[debug] [2025-04-14T19:04:41.513Z] [unzip] Writing file: /Users/tuncayekmez/.cache/firebase/emulators/ui-v1.14.0/client/mstile-150x150.png
[debug] [2025-04-14T19:04:41.513Z] [unzip] Entry: client/assets/ (compressed_size=0 bytes, uncompressed_size=0 bytes)
[debug] [2025-04-14T19:04:41.513Z] [unzip] Processing entry: client/assets/
[debug] [2025-04-14T19:04:41.513Z] [unzip] mkdir: /Users/tuncayekmez/.cache/firebase/emulators/ui-v1.14.0/client/assets/
[debug] [2025-04-14T19:04:41.513Z] [unzip] Entry: client/assets/index-ClZTY_JS.js.map (compressed_size=2328270 bytes, uncompressed_size=9947004 bytes)
[debug] [2025-04-14T19:04:41.513Z] [unzip] Processing entry: client/assets/index-ClZTY_JS.js.map
[debug] [2025-04-14T19:04:41.513Z] [unzip] else mkdir: /Users/tuncayekmez/.cache/firebase/emulators/ui-v1.14.0/client/assets
[debug] [2025-04-14T19:04:41.513Z] [unzip] deflating: /Users/tuncayekmez/.cache/firebase/emulators/ui-v1.14.0/client/assets/index-ClZTY_JS.js.map
[debug] [2025-04-14T19:04:41.544Z] [unzip] Entry: client/assets/index-ClZTY_JS.js (compressed_size=567195 bytes, uncompressed_size=2035940 bytes)
[debug] [2025-04-14T19:04:41.544Z] [unzip] Processing entry: client/assets/index-ClZTY_JS.js
[debug] [2025-04-14T19:04:41.544Z] [unzip] else mkdir: /Users/tuncayekmez/.cache/firebase/emulators/ui-v1.14.0/client/assets
[debug] [2025-04-14T19:04:41.544Z] [unzip] deflating: /Users/tuncayekmez/.cache/firebase/emulators/ui-v1.14.0/client/assets/index-ClZTY_JS.js
[debug] [2025-04-14T19:04:41.550Z] [unzip] Entry: client/assets/index-BdgySamB.css (compressed_size=35979 bytes, uncompressed_size=298654 bytes)
[debug] [2025-04-14T19:04:41.550Z] [unzip] Processing entry: client/assets/index-BdgySamB.css
[debug] [2025-04-14T19:04:41.550Z] [unzip] else mkdir: /Users/tuncayekmez/.cache/firebase/emulators/ui-v1.14.0/client/assets
[debug] [2025-04-14T19:04:41.550Z] [unzip] deflating: /Users/tuncayekmez/.cache/firebase/emulators/ui-v1.14.0/client/assets/index-BdgySamB.css
[debug] [2025-04-14T19:04:41.553Z] [unzip] Entry: client/assets/extensions/ (compressed_size=0 bytes, uncompressed_size=0 bytes)
[debug] [2025-04-14T19:04:41.553Z] [unzip] Processing entry: client/assets/extensions/
[debug] [2025-04-14T19:04:41.553Z] [unzip] mkdir: /Users/tuncayekmez/.cache/firebase/emulators/ui-v1.14.0/client/assets/extensions/
[debug] [2025-04-14T19:04:41.553Z] [unzip] Entry: client/assets/extensions/default-extension.png (compressed_size=1646 bytes, uncompressed_size=1657 bytes)
[debug] [2025-04-14T19:04:41.553Z] [unzip] Processing entry: client/assets/extensions/default-extension.png
[debug] [2025-04-14T19:04:41.553Z] [unzip] else mkdir: /Users/tuncayekmez/.cache/firebase/emulators/ui-v1.14.0/client/assets/extensions
[debug] [2025-04-14T19:04:41.553Z] [unzip] deflating: /Users/tuncayekmez/.cache/firebase/emulators/ui-v1.14.0/client/assets/extensions/default-extension.png
[debug] [2025-04-14T19:04:41.554Z] [unzip] Entry: client/assets/img/ (compressed_size=0 bytes, uncompressed_size=0 bytes)
[debug] [2025-04-14T19:04:41.554Z] [unzip] Processing entry: client/assets/img/
[debug] [2025-04-14T19:04:41.554Z] [unzip] mkdir: /Users/tuncayekmez/.cache/firebase/emulators/ui-v1.14.0/client/assets/img/
[debug] [2025-04-14T19:04:41.554Z] [unzip] Entry: client/assets/img/database.png (compressed_size=29449 bytes, uncompressed_size=29988 bytes)
[debug] [2025-04-14T19:04:41.554Z] [unzip] Processing entry: client/assets/img/database.png
[debug] [2025-04-14T19:04:41.554Z] [unzip] else mkdir: /Users/tuncayekmez/.cache/firebase/emulators/ui-v1.14.0/client/assets/img
[debug] [2025-04-14T19:04:41.554Z] [unzip] deflating: /Users/tuncayekmez/.cache/firebase/emulators/ui-v1.14.0/client/assets/img/database.png
[debug] [2025-04-14T19:04:41.554Z] [unzip] Entry: client/assets/provider-icons/ (compressed_size=0 bytes, uncompressed_size=0 bytes)
[debug] [2025-04-14T19:04:41.554Z] [unzip] Processing entry: client/assets/provider-icons/
[debug] [2025-04-14T19:04:41.554Z] [unzip] mkdir: /Users/tuncayekmez/.cache/firebase/emulators/ui-v1.14.0/client/assets/provider-icons/
[debug] [2025-04-14T19:04:41.554Z] [unzip] Entry: client/assets/provider-icons/auth_service_saml.svg (compressed_size=575 bytes, uncompressed_size=1226 bytes)
[debug] [2025-04-14T19:04:41.554Z] [unzip] Processing entry: client/assets/provider-icons/auth_service_saml.svg
[debug] [2025-04-14T19:04:41.554Z] [unzip] else mkdir: /Users/tuncayekmez/.cache/firebase/emulators/ui-v1.14.0/client/assets/provider-icons
[debug] [2025-04-14T19:04:41.554Z] [unzip] deflating: /Users/tuncayekmez/.cache/firebase/emulators/ui-v1.14.0/client/assets/provider-icons/auth_service_saml.svg
[debug] [2025-04-14T19:04:41.555Z] [unzip] Entry: client/assets/provider-icons/auth_service_phone.svg (compressed_size=261 bytes, uncompressed_size=414 bytes)
[debug] [2025-04-14T19:04:41.555Z] [unzip] Processing entry: client/assets/provider-icons/auth_service_phone.svg
[debug] [2025-04-14T19:04:41.555Z] [unzip] else mkdir: /Users/tuncayekmez/.cache/firebase/emulators/ui-v1.14.0/client/assets/provider-icons
[debug] [2025-04-14T19:04:41.555Z] [unzip] deflating: /Users/tuncayekmez/.cache/firebase/emulators/ui-v1.14.0/client/assets/provider-icons/auth_service_phone.svg
[debug] [2025-04-14T19:04:41.555Z] [unzip] Entry: client/assets/provider-icons/auth_service_facebook.svg (compressed_size=289 bytes, uncompressed_size=457 bytes)
[debug] [2025-04-14T19:04:41.555Z] [unzip] Processing entry: client/assets/provider-icons/auth_service_facebook.svg
[debug] [2025-04-14T19:04:41.555Z] [unzip] else mkdir: /Users/tuncayekmez/.cache/firebase/emulators/ui-v1.14.0/client/assets/provider-icons
[debug] [2025-04-14T19:04:41.555Z] [unzip] deflating: /Users/tuncayekmez/.cache/firebase/emulators/ui-v1.14.0/client/assets/provider-icons/auth_service_facebook.svg
[debug] [2025-04-14T19:04:41.555Z] [unzip] Entry: client/assets/provider-icons/auth_service_game_center.svg (compressed_size=991 bytes, uncompressed_size=3921 bytes)
[debug] [2025-04-14T19:04:41.555Z] [unzip] Processing entry: client/assets/provider-icons/auth_service_game_center.svg
[debug] [2025-04-14T19:04:41.555Z] [unzip] else mkdir: /Users/tuncayekmez/.cache/firebase/emulators/ui-v1.14.0/client/assets/provider-icons
[debug] [2025-04-14T19:04:41.555Z] [unzip] deflating: /Users/tuncayekmez/.cache/firebase/emulators/ui-v1.14.0/client/assets/provider-icons/auth_service_game_center.svg
[debug] [2025-04-14T19:04:41.556Z] [unzip] Entry: client/assets/provider-icons/auth_service_apple.svg (compressed_size=230 bytes, uncompressed_size=334 bytes)
[debug] [2025-04-14T19:04:41.556Z] [unzip] Processing entry: client/assets/provider-icons/auth_service_apple.svg
[debug] [2025-04-14T19:04:41.556Z] [unzip] else mkdir: /Users/tuncayekmez/.cache/firebase/emulators/ui-v1.14.0/client/assets/provider-icons
[debug] [2025-04-14T19:04:41.556Z] [unzip] deflating: /Users/tuncayekmez/.cache/firebase/emulators/ui-v1.14.0/client/assets/provider-icons/auth_service_apple.svg
[debug] [2025-04-14T19:04:41.556Z] [unzip] Entry: client/assets/provider-icons/auth_service_github.svg (compressed_size=466 bytes, uncompressed_size=838 bytes)
[debug] [2025-04-14T19:04:41.556Z] [unzip] Processing entry: client/assets/provider-icons/auth_service_github.svg
[debug] [2025-04-14T19:04:41.556Z] [unzip] else mkdir: /Users/tuncayekmez/.cache/firebase/emulators/ui-v1.14.0/client/assets/provider-icons
[debug] [2025-04-14T19:04:41.556Z] [unzip] deflating: /Users/tuncayekmez/.cache/firebase/emulators/ui-v1.14.0/client/assets/provider-icons/auth_service_github.svg
[debug] [2025-04-14T19:04:41.556Z] [unzip] Entry: client/assets/provider-icons/auth_service_mslive.svg (compressed_size=203 bytes, uncompressed_size=378 bytes)
[debug] [2025-04-14T19:04:41.556Z] [unzip] Processing entry: client/assets/provider-icons/auth_service_mslive.svg
[debug] [2025-04-14T19:04:41.556Z] [unzip] else mkdir: /Users/tuncayekmez/.cache/firebase/emulators/ui-v1.14.0/client/assets/provider-icons
[debug] [2025-04-14T19:04:41.556Z] [unzip] deflating: /Users/tuncayekmez/.cache/firebase/emulators/ui-v1.14.0/client/assets/provider-icons/auth_service_mslive.svg
[debug] [2025-04-14T19:04:41.557Z] [unzip] Entry: client/assets/provider-icons/auth_service_yahoo.svg (compressed_size=577 bytes, uncompressed_size=1182 bytes)
[debug] [2025-04-14T19:04:41.557Z] [unzip] Processing entry: client/assets/provider-icons/auth_service_yahoo.svg
[debug] [2025-04-14T19:04:41.557Z] [unzip] else mkdir: /Users/tuncayekmez/.cache/firebase/emulators/ui-v1.14.0/client/assets/provider-icons
[debug] [2025-04-14T19:04:41.557Z] [unzip] deflating: /Users/tuncayekmez/.cache/firebase/emulators/ui-v1.14.0/client/assets/provider-icons/auth_service_yahoo.svg
[debug] [2025-04-14T19:04:41.557Z] [unzip] Entry: client/assets/provider-icons/auth_service_twitter.svg (compressed_size=444 bytes, uncompressed_size=751 bytes)
[debug] [2025-04-14T19:04:41.557Z] [unzip] Processing entry: client/assets/provider-icons/auth_service_twitter.svg
[debug] [2025-04-14T19:04:41.557Z] [unzip] else mkdir: /Users/tuncayekmez/.cache/firebase/emulators/ui-v1.14.0/client/assets/provider-icons
[debug] [2025-04-14T19:04:41.557Z] [unzip] deflating: /Users/tuncayekmez/.cache/firebase/emulators/ui-v1.14.0/client/assets/provider-icons/auth_service_twitter.svg
[debug] [2025-04-14T19:04:41.558Z] [unzip] Entry: client/assets/provider-icons/auth_service_play_games.svg (compressed_size=565 bytes, uncompressed_size=1173 bytes)
[debug] [2025-04-14T19:04:41.558Z] [unzip] Processing entry: client/assets/provider-icons/auth_service_play_games.svg
[debug] [2025-04-14T19:04:41.558Z] [unzip] else mkdir: /Users/tuncayekmez/.cache/firebase/emulators/ui-v1.14.0/client/assets/provider-icons
[debug] [2025-04-14T19:04:41.558Z] [unzip] deflating: /Users/tuncayekmez/.cache/firebase/emulators/ui-v1.14.0/client/assets/provider-icons/auth_service_play_games.svg
[debug] [2025-04-14T19:04:41.558Z] [unzip] Entry: client/assets/provider-icons/auth_service_email.svg (compressed_size=228 bytes, uncompressed_size=326 bytes)
[debug] [2025-04-14T19:04:41.558Z] [unzip] Processing entry: client/assets/provider-icons/auth_service_email.svg
[debug] [2025-04-14T19:04:41.558Z] [unzip] else mkdir: /Users/tuncayekmez/.cache/firebase/emulators/ui-v1.14.0/client/assets/provider-icons
[debug] [2025-04-14T19:04:41.558Z] [unzip] deflating: /Users/tuncayekmez/.cache/firebase/emulators/ui-v1.14.0/client/assets/provider-icons/auth_service_email.svg
[debug] [2025-04-14T19:04:41.558Z] [unzip] Entry: client/assets/provider-icons/auth_service_google.svg (compressed_size=409 bytes, uncompressed_size=720 bytes)
[debug] [2025-04-14T19:04:41.558Z] [unzip] Processing entry: client/assets/provider-icons/auth_service_google.svg
[debug] [2025-04-14T19:04:41.558Z] [unzip] else mkdir: /Users/tuncayekmez/.cache/firebase/emulators/ui-v1.14.0/client/assets/provider-icons
[debug] [2025-04-14T19:04:41.558Z] [unzip] deflating: /Users/tuncayekmez/.cache/firebase/emulators/ui-v1.14.0/client/assets/provider-icons/auth_service_google.svg
[debug] [2025-04-14T19:04:41.558Z] [unzip] Entry: client/assets/provider-icons/auth_service_oidc.svg (compressed_size=414 bytes, uncompressed_size=858 bytes)
[debug] [2025-04-14T19:04:41.558Z] [unzip] Processing entry: client/assets/provider-icons/auth_service_oidc.svg
[debug] [2025-04-14T19:04:41.558Z] [unzip] else mkdir: /Users/tuncayekmez/.cache/firebase/emulators/ui-v1.14.0/client/assets/provider-icons
[debug] [2025-04-14T19:04:41.558Z] [unzip] deflating: /Users/tuncayekmez/.cache/firebase/emulators/ui-v1.14.0/client/assets/provider-icons/auth_service_oidc.svg
[debug] [2025-04-14T19:04:41.559Z] [unzip] Entry: client/browserconfig.xml (compressed_size=491 bytes, uncompressed_size=822 bytes)
[debug] [2025-04-14T19:04:41.559Z] [unzip] Processing entry: client/browserconfig.xml
[debug] [2025-04-14T19:04:41.559Z] [unzip] else mkdir: /Users/tuncayekmez/.cache/firebase/emulators/ui-v1.14.0/client
[debug] [2025-04-14T19:04:41.559Z] [unzip] deflating: /Users/tuncayekmez/.cache/firebase/emulators/ui-v1.14.0/client/browserconfig.xml
[debug] [2025-04-14T19:04:41.559Z] [unzip] Entry: client/favicon-32x32.png (compressed_size=475 bytes, uncompressed_size=475 bytes)
[debug] [2025-04-14T19:04:41.559Z] [unzip] Processing entry: client/favicon-32x32.png
[debug] [2025-04-14T19:04:41.559Z] [unzip] else mkdir: /Users/tuncayekmez/.cache/firebase/emulators/ui-v1.14.0/client
[debug] [2025-04-14T19:04:41.559Z] [unzip] Writing file: /Users/tuncayekmez/.cache/firebase/emulators/ui-v1.14.0/client/favicon-32x32.png
[debug] [2025-04-14T19:04:41.559Z] [unzip] Entry: server/ (compressed_size=0 bytes, uncompressed_size=0 bytes)
[debug] [2025-04-14T19:04:41.559Z] [unzip] Processing entry: server/
[debug] [2025-04-14T19:04:41.559Z] [unzip] mkdir: /Users/tuncayekmez/.cache/firebase/emulators/ui-v1.14.0/server/
[debug] [2025-04-14T19:04:41.559Z] [unzip] Entry: server/server.mjs.map (compressed_size=296496 bytes, uncompressed_size=1355667 bytes)
[debug] [2025-04-14T19:04:41.559Z] [unzip] Processing entry: server/server.mjs.map
[debug] [2025-04-14T19:04:41.559Z] [unzip] else mkdir: /Users/tuncayekmez/.cache/firebase/emulators/ui-v1.14.0/server
[debug] [2025-04-14T19:04:41.559Z] [unzip] deflating: /Users/tuncayekmez/.cache/firebase/emulators/ui-v1.14.0/server/server.mjs.map
[debug] [2025-04-14T19:04:41.562Z] [unzip] Entry: server/server.mjs (compressed_size=315701 bytes, uncompressed_size=1172682 bytes)
[debug] [2025-04-14T19:04:41.562Z] [unzip] Processing entry: server/server.mjs
[debug] [2025-04-14T19:04:41.562Z] [unzip] else mkdir: /Users/tuncayekmez/.cache/firebase/emulators/ui-v1.14.0/server
[debug] [2025-04-14T19:04:41.562Z] [unzip] deflating: /Users/tuncayekmez/.cache/firebase/emulators/ui-v1.14.0/server/server.mjs
[debug] [2025-04-14T19:04:41.564Z] [unzip] Entry: server/assets/ (compressed_size=0 bytes, uncompressed_size=0 bytes)
[debug] [2025-04-14T19:04:41.564Z] [unzip] Processing entry: server/assets/
[debug] [2025-04-14T19:04:41.564Z] [unzip] mkdir: /Users/tuncayekmez/.cache/firebase/emulators/ui-v1.14.0/server/assets/
[debug] [2025-04-14T19:04:41.564Z] [unzip] Entry: server/assets/multipart-parser-DGCUZdXu.mjs.map (compressed_size=4791 bytes, uncompressed_size=17918 bytes)
[debug] [2025-04-14T19:04:41.564Z] [unzip] Processing entry: server/assets/multipart-parser-DGCUZdXu.mjs.map
[debug] [2025-04-14T19:04:41.564Z] [unzip] else mkdir: /Users/tuncayekmez/.cache/firebase/emulators/ui-v1.14.0/server/assets
[debug] [2025-04-14T19:04:41.564Z] [unzip] deflating: /Users/tuncayekmez/.cache/firebase/emulators/ui-v1.14.0/server/assets/multipart-parser-DGCUZdXu.mjs.map
[debug] [2025-04-14T19:04:41.565Z] [unzip] Entry: server/assets/multipart-parser-DGCUZdXu.mjs (compressed_size=2621 bytes, uncompressed_size=10390 bytes)
[debug] [2025-04-14T19:04:41.565Z] [unzip] Processing entry: server/assets/multipart-parser-DGCUZdXu.mjs
[debug] [2025-04-14T19:04:41.565Z] [unzip] else mkdir: /Users/tuncayekmez/.cache/firebase/emulators/ui-v1.14.0/server/assets
[debug] [2025-04-14T19:04:41.565Z] [unzip] deflating: /Users/tuncayekmez/.cache/firebase/emulators/ui-v1.14.0/server/assets/multipart-parser-DGCUZdXu.mjs
[info] i  functions: Watching "/Users/tuncayekmez/Desktop/AI-Logo-Generator/functions" for Cloud Functions... {"metadata":{"emulator":{"name":"functions"},"message":"Watching \"/Users/tuncayekmez/Desktop/AI-Logo-Generator/functions\" for Cloud Functions..."}}
[debug] [2025-04-14T19:04:41.568Z] Validating nodejs source
[debug] [2025-04-14T19:04:41.869Z] > [functions] package.json contents: {
  "name": "functions",
  "scripts": {
    "build": "tsc",
    "build:watch": "tsc --watch",
    "serve": "npm run build && firebase emulators:start --only functions",
    "shell": "npm run build && firebase functions:shell",
    "start": "npm run shell",
    "deploy": "firebase deploy --only functions",
    "logs": "firebase functions:log"
  },
  "engines": {
    "node": "22"
  },
  "main": "lib/index.js",
  "dependencies": {
    "@fal-ai/client": "^1.3.0",
    "firebase-admin": "^12.6.0",
    "firebase-functions": "^6.0.1"
  },
  "devDependencies": {
    "firebase-functions-test": "^3.1.0",
    "typescript": "^5.8.3"
  },
  "private": true
}
[debug] [2025-04-14T19:04:41.870Z] Building nodejs source
[debug] [2025-04-14T19:04:41.870Z] Failed to find version of module node: reached end of search path /Users/tuncayekmez/Desktop/AI-Logo-Generator/functions/node_modules
[warn] ⚠  functions: Your requested "node" version "22" doesn't match your global version "20". Using node@20 from host. 
[debug] [2025-04-14T19:04:41.871Z] Could not find functions.yaml. Must use http discovery
[debug] [2025-04-14T19:04:41.873Z] Found firebase-functions binary at '/Users/tuncayekmez/Desktop/AI-Logo-Generator/functions/node_modules/.bin/firebase-functions'
[info] Serving at port 8687

[debug] [2025-04-14T19:04:42.111Z] Got response from /__/functions.yaml {"endpoints":{"addLogo":{"availableMemoryMb":null,"timeoutSeconds":null,"minInstances":null,"maxInstances":10,"ingressSettings":null,"concurrency":null,"serviceAccountEmail":null,"vpc":null,"platform":"gcfv2","labels":{},"callableTrigger":{},"entryPoint":"addLogo"},"getLogo":{"availableMemoryMb":null,"timeoutSeconds":null,"minInstances":null,"maxInstances":10,"ingressSettings":null,"concurrency":null,"serviceAccountEmail":null,"vpc":null,"platform":"gcfv2","labels":{},"callableTrigger":{},"entryPoint":"getLogo"},"updateLogo":{"availableMemoryMb":null,"timeoutSeconds":null,"minInstances":null,"maxInstances":10,"ingressSettings":null,"concurrency":null,"serviceAccountEmail":null,"vpc":null,"platform":"gcfv2","labels":{},"callableTrigger":{},"entryPoint":"updateLogo"},"deleteLogo":{"availableMemoryMb":null,"timeoutSeconds":null,"minInstances":null,"maxInstances":10,"ingressSettings":null,"concurrency":null,"serviceAccountEmail":null,"vpc":null,"platform":"gcfv2","labels":{},"callableTrigger":{},"entryPoint":"deleteLogo"},"getAllLogos":{"availableMemoryMb":null,"timeoutSeconds":null,"minInstances":null,"maxInstances":10,"ingressSettings":null,"concurrency":null,"serviceAccountEmail":null,"vpc":null,"platform":"gcfv2","labels":{},"callableTrigger":{},"entryPoint":"getAllLogos"},"generateLogo":{"availableMemoryMb":null,"timeoutSeconds":null,"minInstances":null,"maxInstances":10,"ingressSettings":null,"concurrency":null,"serviceAccountEmail":null,"vpc":null,"platform":"gcfv2","secretEnvironmentVariables":[{"key":"AI_LOGO_API_KEY"}],"labels":{},"callableTrigger":{},"entryPoint":"generateLogo"}},"specVersion":"v1alpha1","requiredAPIs":[],"extensions":{}}
[info] ✔  functions: Loaded functions definitions from source: addLogo, getLogo, updateLogo, deleteLogo, getAllLogos, generateLogo. {"metadata":{"emulator":{"name":"functions"},"message":"Loaded functions definitions from source: addLogo, getLogo, updateLogo, deleteLogo, getAllLogos, generateLogo."}}
[info] ✔  functions[us-central1-addLogo]: http function initialized (http://127.0.0.1:5001/ai-logo-generator-a664d/us-central1/addLogo). {"metadata":{"emulator":{"name":"functions"},"message":"\u001b[1mhttp\u001b[22m function initialized (http://127.0.0.1:5001/ai-logo-generator-a664d/us-central1/addLogo)."}}
[info] ✔  functions[us-central1-getLogo]: http function initialized (http://127.0.0.1:5001/ai-logo-generator-a664d/us-central1/getLogo). {"metadata":{"emulator":{"name":"functions"},"message":"\u001b[1mhttp\u001b[22m function initialized (http://127.0.0.1:5001/ai-logo-generator-a664d/us-central1/getLogo)."}}
[info] ✔  functions[us-central1-updateLogo]: http function initialized (http://127.0.0.1:5001/ai-logo-generator-a664d/us-central1/updateLogo). {"metadata":{"emulator":{"name":"functions"},"message":"\u001b[1mhttp\u001b[22m function initialized (http://127.0.0.1:5001/ai-logo-generator-a664d/us-central1/updateLogo)."}}
[info] ✔  functions[us-central1-deleteLogo]: http function initialized (http://127.0.0.1:5001/ai-logo-generator-a664d/us-central1/deleteLogo). {"metadata":{"emulator":{"name":"functions"},"message":"\u001b[1mhttp\u001b[22m function initialized (http://127.0.0.1:5001/ai-logo-generator-a664d/us-central1/deleteLogo)."}}
[info] ✔  functions[us-central1-getAllLogos]: http function initialized (http://127.0.0.1:5001/ai-logo-generator-a664d/us-central1/getAllLogos). {"metadata":{"emulator":{"name":"functions"},"message":"\u001b[1mhttp\u001b[22m function initialized (http://127.0.0.1:5001/ai-logo-generator-a664d/us-central1/getAllLogos)."}}
[info] ✔  functions[us-central1-generateLogo]: http function initialized (http://127.0.0.1:5001/ai-logo-generator-a664d/us-central1/generateLogo). {"metadata":{"emulator":{"name":"functions"},"message":"\u001b[1mhttp\u001b[22m function initialized (http://127.0.0.1:5001/ai-logo-generator-a664d/us-central1/generateLogo)."}}
[debug] [2025-04-14T19:04:47.143Z] Could not find VSCode notification endpoint: FetchError: request to http://localhost:40001/vscode/notify failed, reason: . If you are not running the Firebase Data Connect VSCode extension, this is expected and not an issue.
[info] 
┌─────────────────────────────────────────────────────────────┐
│ ✔  All emulators ready! It is now safe to connect your app. │
│ i  View Emulator UI at http://127.0.0.1:4000/               │
└─────────────────────────────────────────────────────────────┘

┌───────────┬────────────────┬─────────────────────────────────┐
│ Emulator  │ Host:Port      │ View in Emulator UI             │
├───────────┼────────────────┼─────────────────────────────────┤
│ Functions │ 127.0.0.1:5001 │ http://127.0.0.1:4000/functions │
└───────────┴────────────────┴─────────────────────────────────┘
  Emulator Hub host: 127.0.0.1 port: 4400
  Other reserved ports: 4500

Issues? Report them at https://github.com/firebase/firebase-tools/issues and attach the *-debug.log files.
 
[debug] [2025-04-14T19:05:05.731Z] [work-queue] {"queuedWork":["/ai-logo-generator-a664d/us-central1/generateLogo-2025-04-14T19:05:05.731Z"],"queueLength":1,"runningWork":[],"workRunningCount":0}
[debug] [2025-04-14T19:05:05.734Z] [work-queue] {"queuedWork":[],"queueLength":0,"runningWork":["/ai-logo-generator-a664d/us-central1/generateLogo-2025-04-14T19:05:05.731Z"],"workRunningCount":1}
[debug] [2025-04-14T19:05:05.734Z] Accepted request POST /ai-logo-generator-a664d/us-central1/generateLogo --> us-central1-generateLogo
[debug] [2025-04-14T19:05:05.735Z] [functions] Runtime ready! Sending request! {"metadata":{"emulator":{"name":"functions"},"message":"[functions] Runtime ready! Sending request!"}}
[debug] [2025-04-14T19:05:05.736Z] [functions] Got req.url=/ai-logo-generator-a664d/us-central1/generateLogo, mapping to path=/ {"metadata":{"emulator":{"name":"functions"},"message":"[functions] Got req.url=/ai-logo-generator-a664d/us-central1/generateLogo, mapping to path=/"}}
[info] i  functions: Trying to access secret AI_LOGO_API_KEY@latest {"metadata":{"emulator":{"name":"functions"},"message":"Trying to access secret AI_LOGO_API_KEY@latest"}}
[debug] [2025-04-14T19:05:05.738Z] Checked if tokens are valid: true, expires at: 1744659967898
[debug] [2025-04-14T19:05:05.739Z] Checked if tokens are valid: true, expires at: 1744659967898
[debug] [2025-04-14T19:05:05.739Z] >>> [apiv2][query] GET https://secretmanager.googleapis.com/v1/projects/ai-logo-generator-a664d/secrets/AI_LOGO_API_KEY/versions/latest:access [none]
[debug] [2025-04-14T19:05:06.287Z] <<< [apiv2][status] GET https://secretmanager.googleapis.com/v1/projects/ai-logo-generator-a664d/secrets/AI_LOGO_API_KEY/versions/latest:access 200
[debug] [2025-04-14T19:05:06.288Z] <<< [apiv2][body] GET https://secretmanager.googleapis.com/v1/projects/ai-logo-generator-a664d/secrets/AI_LOGO_API_KEY/versions/latest:access {"name":"projects/160136341146/secrets/AI_LOGO_API_KEY/versions/2","payload":{"data":"MDQwZDZkYzYtY2FiMy00ZmYzLWE4NWMtNzRjMDQ0YmI4MzBlOjRhZjRhNWNhZjFkODBhMzNjMzg5MzVhMGY2ZDU5OWIy","dataCrc32c":"490164874"}}
[debug] [2025-04-14T19:05:06.292Z] [worker-pool] addWorker(us-central1-generateLogo) {"metadata":{"emulator":{"name":"functions"},"message":"[worker-pool] addWorker(us-central1-generateLogo)"}}
[debug] [2025-04-14T19:05:06.293Z] [worker-pool] Adding worker with key us-central1-generateLogo, total=1 {"metadata":{"emulator":{"name":"functions"},"message":"[worker-pool] Adding worker with key us-central1-generateLogo, total=1"}}
[debug] [2025-04-14T19:05:06.891Z] [runtime-status] [58705] Resolved module firebase-admin {"declared":true,"installed":true,"version":"12.7.0","resolution":"/Users/tuncayekmez/Desktop/AI-Logo-Generator/functions/node_modules/firebase-admin/lib/index.js"} {"metadata":{"emulator":{"name":"functions"},"function":{"name":"us-central1-generateLogo"},"extension":{},"message":"[runtime-status] [58705] Resolved module firebase-admin {\"declared\":true,\"installed\":true,\"version\":\"12.7.0\",\"resolution\":\"/Users/tuncayekmez/Desktop/AI-Logo-Generator/functions/node_modules/firebase-admin/lib/index.js\"}"}}
[debug] [2025-04-14T19:05:06.892Z] [runtime-status] [58705] Resolved module firebase-functions {"declared":true,"installed":true,"version":"6.3.2","resolution":"/Users/tuncayekmez/Desktop/AI-Logo-Generator/functions/node_modules/firebase-functions/lib/v2/index.js"} {"metadata":{"emulator":{"name":"functions"},"function":{"name":"us-central1-generateLogo"},"extension":{},"message":"[runtime-status] [58705] Resolved module firebase-functions {\"declared\":true,\"installed\":true,\"version\":\"6.3.2\",\"resolution\":\"/Users/tuncayekmez/Desktop/AI-Logo-Generator/functions/node_modules/firebase-functions/lib/v2/index.js\"}"}}
[debug] [2025-04-14T19:05:06.892Z] [runtime-status] [58705] Outgoing network have been stubbed. [{"name":"http","status":"mocked"},{"name":"http","status":"mocked"},{"name":"https","status":"mocked"},{"name":"https","status":"mocked"},{"name":"net","status":"mocked"}] {"metadata":{"emulator":{"name":"functions"},"function":{"name":"us-central1-generateLogo"},"extension":{},"message":"[runtime-status] [58705] Outgoing network have been stubbed. [{\"name\":\"http\",\"status\":\"mocked\"},{\"name\":\"http\",\"status\":\"mocked\"},{\"name\":\"https\",\"status\":\"mocked\"},{\"name\":\"https\",\"status\":\"mocked\"},{\"name\":\"net\",\"status\":\"mocked\"}]"}}
[debug] [2025-04-14T19:05:06.892Z] [runtime-status] [58705] Resolved module firebase-functions {"declared":true,"installed":true,"version":"6.3.2","resolution":"/Users/tuncayekmez/Desktop/AI-Logo-Generator/functions/node_modules/firebase-functions/lib/v2/index.js"} {"metadata":{"emulator":{"name":"functions"},"function":{"name":"us-central1-generateLogo"},"extension":{},"message":"[runtime-status] [58705] Resolved module firebase-functions {\"declared\":true,\"installed\":true,\"version\":\"6.3.2\",\"resolution\":\"/Users/tuncayekmez/Desktop/AI-Logo-Generator/functions/node_modules/firebase-functions/lib/v2/index.js\"}"}}
[debug] [2025-04-14T19:05:07.008Z] [runtime-status] [58705] Checked functions.config() {"config":{}} {"metadata":{"emulator":{"name":"functions"},"function":{"name":"us-central1-generateLogo"},"extension":{},"message":"[runtime-status] [58705] Checked functions.config() {\"config\":{}}"}}
[debug] [2025-04-14T19:05:07.008Z] [runtime-status] [58705] firebase-functions has been stubbed. {"functionsResolution":{"declared":true,"installed":true,"version":"6.3.2","resolution":"/Users/tuncayekmez/Desktop/AI-Logo-Generator/functions/node_modules/firebase-functions/lib/v2/index.js"}} {"metadata":{"emulator":{"name":"functions"},"function":{"name":"us-central1-generateLogo"},"extension":{},"message":"[runtime-status] [58705] firebase-functions has been stubbed. {\"functionsResolution\":{\"declared\":true,\"installed\":true,\"version\":\"6.3.2\",\"resolution\":\"/Users/tuncayekmez/Desktop/AI-Logo-Generator/functions/node_modules/firebase-functions/lib/v2/index.js\"}}"}}
[debug] [2025-04-14T19:05:07.008Z] [runtime-status] [58705] Resolved module firebase-functions {"declared":true,"installed":true,"version":"6.3.2","resolution":"/Users/tuncayekmez/Desktop/AI-Logo-Generator/functions/node_modules/firebase-functions/lib/v2/index.js"} {"metadata":{"emulator":{"name":"functions"},"function":{"name":"us-central1-generateLogo"},"extension":{},"message":"[runtime-status] [58705] Resolved module firebase-functions {\"declared\":true,\"installed\":true,\"version\":\"6.3.2\",\"resolution\":\"/Users/tuncayekmez/Desktop/AI-Logo-Generator/functions/node_modules/firebase-functions/lib/v2/index.js\"}"}}
[debug] [2025-04-14T19:05:07.010Z] [runtime-status] [58705] Resolved module firebase-admin {"declared":true,"installed":true,"version":"12.7.0","resolution":"/Users/tuncayekmez/Desktop/AI-Logo-Generator/functions/node_modules/firebase-admin/lib/index.js"} {"metadata":{"emulator":{"name":"functions"},"function":{"name":"us-central1-generateLogo"},"extension":{},"message":"[runtime-status] [58705] Resolved module firebase-admin {\"declared\":true,\"installed\":true,\"version\":\"12.7.0\",\"resolution\":\"/Users/tuncayekmez/Desktop/AI-Logo-Generator/functions/node_modules/firebase-admin/lib/index.js\"}"}}
[debug] [2025-04-14T19:05:07.010Z] [runtime-status] [58705] Resolved module firebase-functions {"declared":true,"installed":true,"version":"6.3.2","resolution":"/Users/tuncayekmez/Desktop/AI-Logo-Generator/functions/node_modules/firebase-functions/lib/v2/index.js"} {"metadata":{"emulator":{"name":"functions"},"function":{"name":"us-central1-generateLogo"},"extension":{},"message":"[runtime-status] [58705] Resolved module firebase-functions {\"declared\":true,\"installed\":true,\"version\":\"6.3.2\",\"resolution\":\"/Users/tuncayekmez/Desktop/AI-Logo-Generator/functions/node_modules/firebase-functions/lib/v2/index.js\"}"}}
[debug] [2025-04-14T19:05:07.010Z] [runtime-status] [58705] firebase-admin has been stubbed. {"adminResolution":{"declared":true,"installed":true,"version":"12.7.0","resolution":"/Users/tuncayekmez/Desktop/AI-Logo-Generator/functions/node_modules/firebase-admin/lib/index.js"}} {"metadata":{"emulator":{"name":"functions"},"function":{"name":"us-central1-generateLogo"},"extension":{},"message":"[runtime-status] [58705] firebase-admin has been stubbed. {\"adminResolution\":{\"declared\":true,\"installed\":true,\"version\":\"12.7.0\",\"resolution\":\"/Users/tuncayekmez/Desktop/AI-Logo-Generator/functions/node_modules/firebase-admin/lib/index.js\"}}"}}
[debug] [2025-04-14T19:05:07.018Z] [runtime-status] [58705] initializeApp(DEFAULT) {"storageBucket":"ai-logo-generator-a664d.firebasestorage.app","projectId":"ai-logo-generator-a664d"} {"metadata":{"emulator":{"name":"functions"},"function":{"name":"us-central1-generateLogo"},"extension":{},"message":"[runtime-status] [58705] initializeApp(DEFAULT) {\"storageBucket\":\"ai-logo-generator-a664d.firebasestorage.app\",\"projectId\":\"ai-logo-generator-a664d\"}"}}
[debug] [2025-04-14T19:05:07.019Z] [runtime-status] [58705] Functions runtime initialized. {"cwd":"/Users/tuncayekmez/Desktop/AI-Logo-Generator/functions","node_version":"20.15.0"} {"metadata":{"emulator":{"name":"functions"},"function":{"name":"us-central1-generateLogo"},"extension":{},"message":"[runtime-status] [58705] Functions runtime initialized. {\"cwd\":\"/Users/tuncayekmez/Desktop/AI-Logo-Generator/functions\",\"node_version\":\"20.15.0\"}"}}
[debug] [2025-04-14T19:05:07.019Z] [runtime-status] [58705] Listening to port: /var/folders/1z/cbhxx3nx20x0vyx4nd865nkc0000gn/T/fire_emu_aa34a53f3e8455d5.sock {"metadata":{"emulator":{"name":"functions"},"function":{"name":"us-central1-generateLogo"},"extension":{},"message":"[runtime-status] [58705] Listening to port: /var/folders/1z/cbhxx3nx20x0vyx4nd865nkc0000gn/T/fire_emu_aa34a53f3e8455d5.sock"}}
[debug] [2025-04-14T19:05:07.104Z] [worker-us-central1-generateLogo-36f9d0f6-9fae-41e7-8eef-bf0edd7801dd]: IDLE {"metadata":{"emulator":{"name":"functions"},"function":{"name":"us-central1-generateLogo"},"extension":{},"message":"[worker-us-central1-generateLogo-36f9d0f6-9fae-41e7-8eef-bf0edd7801dd]: IDLE"}}
[debug] [2025-04-14T19:05:07.104Z] [worker-pool] submitRequest(triggerId=us-central1-generateLogo) {"metadata":{"emulator":{"name":"functions"},"message":"[worker-pool] submitRequest(triggerId=us-central1-generateLogo)"}}
[info] i  functions: Beginning execution of "us-central1-generateLogo" {"metadata":{"emulator":{"name":"functions"},"function":{"name":"us-central1-generateLogo"},"extension":{},"message":"Beginning execution of \"us-central1-generateLogo\""}}
[debug] [2025-04-14T19:05:07.104Z] [worker-us-central1-generateLogo-36f9d0f6-9fae-41e7-8eef-bf0edd7801dd]: BUSY {"metadata":{"emulator":{"name":"functions"},"function":{"name":"us-central1-generateLogo"},"extension":{},"message":"[worker-us-central1-generateLogo-36f9d0f6-9fae-41e7-8eef-bf0edd7801dd]: BUSY"}}
[info] >  {"verifications":{"app":"MISSING","auth":"MISSING"},"logging.googleapis.com/labels":{"firebase-log-type":"callable-request-verification"},"severity":"DEBUG","message":"Callable request verification passed"} {"user":{"verifications":{"app":"MISSING","auth":"MISSING"},"logging.googleapis.com/labels":{"firebase-log-type":"callable-request-verification"},"severity":"DEBUG","message":"Callable request verification passed"},"metadata":{"emulator":{"name":"functions"},"function":{"name":"us-central1-generateLogo"},"extension":{},"message":"\u001b[90m> \u001b[39m {\"verifications\":{\"app\":\"MISSING\",\"auth\":\"MISSING\"},\"logging.googleapis.com/labels\":{\"firebase-log-type\":\"callable-request-verification\"},\"severity\":\"DEBUG\",\"message\":\"Callable request verification passed\"}"}}
[debug] [2025-04-14T19:05:09.509Z] Finishing up request with event=pause {"metadata":{"emulator":{"name":"functions"},"function":{"name":"us-central1-generateLogo"},"extension":{},"message":"Finishing up request with event=pause"}}
[info] i  functions: Finished "us-central1-generateLogo" in 2406.561083ms {"metadata":{"emulator":{"name":"functions"},"function":{"name":"us-central1-generateLogo"},"extension":{},"message":"Finished \"us-central1-generateLogo\" in 2406.561083ms"}}
[debug] [2025-04-14T19:05:09.511Z] [worker-us-central1-generateLogo-36f9d0f6-9fae-41e7-8eef-bf0edd7801dd]: IDLE {"metadata":{"emulator":{"name":"functions"},"function":{"name":"us-central1-generateLogo"},"extension":{},"message":"[worker-us-central1-generateLogo-36f9d0f6-9fae-41e7-8eef-bf0edd7801dd]: IDLE"}}
[debug] [2025-04-14T19:05:09.512Z] Finishing up request with event=finish {"metadata":{"emulator":{"name":"functions"},"function":{"name":"us-central1-generateLogo"},"extension":{},"message":"Finishing up request with event=finish"}}
[debug] [2025-04-14T19:05:09.512Z] Finishing up request with event=close {"metadata":{"emulator":{"name":"functions"},"function":{"name":"us-central1-generateLogo"},"extension":{},"message":"Finishing up request with event=close"}}
[debug] [2025-04-14T19:05:09.512Z] [work-queue] {"queuedWork":[],"queueLength":0,"runningWork":[],"workRunningCount":0}
[debug] [2025-04-14T19:05:09.544Z] [work-queue] {"queuedWork":["/ai-logo-generator-a664d/us-central1/addLogo-2025-04-14T19:05:09.544Z"],"queueLength":1,"runningWork":[],"workRunningCount":0}
[debug] [2025-04-14T19:05:09.544Z] [work-queue] {"queuedWork":[],"queueLength":0,"runningWork":["/ai-logo-generator-a664d/us-central1/addLogo-2025-04-14T19:05:09.544Z"],"workRunningCount":1}
[debug] [2025-04-14T19:05:09.544Z] Accepted request POST /ai-logo-generator-a664d/us-central1/addLogo --> us-central1-addLogo
[debug] [2025-04-14T19:05:09.544Z] [functions] Runtime ready! Sending request! {"metadata":{"emulator":{"name":"functions"},"message":"[functions] Runtime ready! Sending request!"}}
[debug] [2025-04-14T19:05:09.544Z] [functions] Got req.url=/ai-logo-generator-a664d/us-central1/addLogo, mapping to path=/ {"metadata":{"emulator":{"name":"functions"},"message":"[functions] Got req.url=/ai-logo-generator-a664d/us-central1/addLogo, mapping to path=/"}}
[debug] [2025-04-14T19:05:09.546Z] [worker-pool] addWorker(us-central1-addLogo) {"metadata":{"emulator":{"name":"functions"},"message":"[worker-pool] addWorker(us-central1-addLogo)"}}
[debug] [2025-04-14T19:05:09.546Z] [worker-pool] Adding worker with key us-central1-addLogo, total=1 {"metadata":{"emulator":{"name":"functions"},"message":"[worker-pool] Adding worker with key us-central1-addLogo, total=1"}}
[debug] [2025-04-14T19:05:09.853Z] [runtime-status] [58709] Resolved module firebase-admin {"declared":true,"installed":true,"version":"12.7.0","resolution":"/Users/tuncayekmez/Desktop/AI-Logo-Generator/functions/node_modules/firebase-admin/lib/index.js"} {"metadata":{"emulator":{"name":"functions"},"function":{"name":"us-central1-addLogo"},"extension":{},"message":"[runtime-status] [58709] Resolved module firebase-admin {\"declared\":true,\"installed\":true,\"version\":\"12.7.0\",\"resolution\":\"/Users/tuncayekmez/Desktop/AI-Logo-Generator/functions/node_modules/firebase-admin/lib/index.js\"}"}}
[debug] [2025-04-14T19:05:09.854Z] [runtime-status] [58709] Resolved module firebase-functions {"declared":true,"installed":true,"version":"6.3.2","resolution":"/Users/tuncayekmez/Desktop/AI-Logo-Generator/functions/node_modules/firebase-functions/lib/v2/index.js"} {"metadata":{"emulator":{"name":"functions"},"function":{"name":"us-central1-addLogo"},"extension":{},"message":"[runtime-status] [58709] Resolved module firebase-functions {\"declared\":true,\"installed\":true,\"version\":\"6.3.2\",\"resolution\":\"/Users/tuncayekmez/Desktop/AI-Logo-Generator/functions/node_modules/firebase-functions/lib/v2/index.js\"}"}}
[debug] [2025-04-14T19:05:09.854Z] [runtime-status] [58709] Outgoing network have been stubbed. [{"name":"http","status":"mocked"},{"name":"http","status":"mocked"},{"name":"https","status":"mocked"},{"name":"https","status":"mocked"},{"name":"net","status":"mocked"}] {"metadata":{"emulator":{"name":"functions"},"function":{"name":"us-central1-addLogo"},"extension":{},"message":"[runtime-status] [58709] Outgoing network have been stubbed. [{\"name\":\"http\",\"status\":\"mocked\"},{\"name\":\"http\",\"status\":\"mocked\"},{\"name\":\"https\",\"status\":\"mocked\"},{\"name\":\"https\",\"status\":\"mocked\"},{\"name\":\"net\",\"status\":\"mocked\"}]"}}
[debug] [2025-04-14T19:05:09.854Z] [runtime-status] [58709] Resolved module firebase-functions {"declared":true,"installed":true,"version":"6.3.2","resolution":"/Users/tuncayekmez/Desktop/AI-Logo-Generator/functions/node_modules/firebase-functions/lib/v2/index.js"} {"metadata":{"emulator":{"name":"functions"},"function":{"name":"us-central1-addLogo"},"extension":{},"message":"[runtime-status] [58709] Resolved module firebase-functions {\"declared\":true,\"installed\":true,\"version\":\"6.3.2\",\"resolution\":\"/Users/tuncayekmez/Desktop/AI-Logo-Generator/functions/node_modules/firebase-functions/lib/v2/index.js\"}"}}
[debug] [2025-04-14T19:05:09.909Z] [runtime-status] [58709] Checked functions.config() {"config":{}} {"metadata":{"emulator":{"name":"functions"},"function":{"name":"us-central1-addLogo"},"extension":{},"message":"[runtime-status] [58709] Checked functions.config() {\"config\":{}}"}}
[debug] [2025-04-14T19:05:09.909Z] [runtime-status] [58709] firebase-functions has been stubbed. {"functionsResolution":{"declared":true,"installed":true,"version":"6.3.2","resolution":"/Users/tuncayekmez/Desktop/AI-Logo-Generator/functions/node_modules/firebase-functions/lib/v2/index.js"}} {"metadata":{"emulator":{"name":"functions"},"function":{"name":"us-central1-addLogo"},"extension":{},"message":"[runtime-status] [58709] firebase-functions has been stubbed. {\"functionsResolution\":{\"declared\":true,\"installed\":true,\"version\":\"6.3.2\",\"resolution\":\"/Users/tuncayekmez/Desktop/AI-Logo-Generator/functions/node_modules/firebase-functions/lib/v2/index.js\"}}"}}
[debug] [2025-04-14T19:05:09.909Z] [runtime-status] [58709] Resolved module firebase-functions {"declared":true,"installed":true,"version":"6.3.2","resolution":"/Users/tuncayekmez/Desktop/AI-Logo-Generator/functions/node_modules/firebase-functions/lib/v2/index.js"} {"metadata":{"emulator":{"name":"functions"},"function":{"name":"us-central1-addLogo"},"extension":{},"message":"[runtime-status] [58709] Resolved module firebase-functions {\"declared\":true,\"installed\":true,\"version\":\"6.3.2\",\"resolution\":\"/Users/tuncayekmez/Desktop/AI-Logo-Generator/functions/node_modules/firebase-functions/lib/v2/index.js\"}"}}
[debug] [2025-04-14T19:05:09.910Z] [runtime-status] [58709] Resolved module firebase-admin {"declared":true,"installed":true,"version":"12.7.0","resolution":"/Users/tuncayekmez/Desktop/AI-Logo-Generator/functions/node_modules/firebase-admin/lib/index.js"} {"metadata":{"emulator":{"name":"functions"},"function":{"name":"us-central1-addLogo"},"extension":{},"message":"[runtime-status] [58709] Resolved module firebase-admin {\"declared\":true,\"installed\":true,\"version\":\"12.7.0\",\"resolution\":\"/Users/tuncayekmez/Desktop/AI-Logo-Generator/functions/node_modules/firebase-admin/lib/index.js\"}"}}
[debug] [2025-04-14T19:05:09.910Z] [runtime-status] [58709] Resolved module firebase-functions {"declared":true,"installed":true,"version":"6.3.2","resolution":"/Users/tuncayekmez/Desktop/AI-Logo-Generator/functions/node_modules/firebase-functions/lib/v2/index.js"} {"metadata":{"emulator":{"name":"functions"},"function":{"name":"us-central1-addLogo"},"extension":{},"message":"[runtime-status] [58709] Resolved module firebase-functions {\"declared\":true,\"installed\":true,\"version\":\"6.3.2\",\"resolution\":\"/Users/tuncayekmez/Desktop/AI-Logo-Generator/functions/node_modules/firebase-functions/lib/v2/index.js\"}"}}
[debug] [2025-04-14T19:05:09.910Z] [runtime-status] [58709] firebase-admin has been stubbed. {"adminResolution":{"declared":true,"installed":true,"version":"12.7.0","resolution":"/Users/tuncayekmez/Desktop/AI-Logo-Generator/functions/node_modules/firebase-admin/lib/index.js"}} {"metadata":{"emulator":{"name":"functions"},"function":{"name":"us-central1-addLogo"},"extension":{},"message":"[runtime-status] [58709] firebase-admin has been stubbed. {\"adminResolution\":{\"declared\":true,\"installed\":true,\"version\":\"12.7.0\",\"resolution\":\"/Users/tuncayekmez/Desktop/AI-Logo-Generator/functions/node_modules/firebase-admin/lib/index.js\"}}"}}
[debug] [2025-04-14T19:05:09.915Z] [runtime-status] [58709] initializeApp(DEFAULT) {"storageBucket":"ai-logo-generator-a664d.firebasestorage.app","projectId":"ai-logo-generator-a664d"} {"metadata":{"emulator":{"name":"functions"},"function":{"name":"us-central1-addLogo"},"extension":{},"message":"[runtime-status] [58709] initializeApp(DEFAULT) {\"storageBucket\":\"ai-logo-generator-a664d.firebasestorage.app\",\"projectId\":\"ai-logo-generator-a664d\"}"}}
[debug] [2025-04-14T19:05:09.917Z] [runtime-status] [58709] Functions runtime initialized. {"cwd":"/Users/tuncayekmez/Desktop/AI-Logo-Generator/functions","node_version":"20.15.0"} {"metadata":{"emulator":{"name":"functions"},"function":{"name":"us-central1-addLogo"},"extension":{},"message":"[runtime-status] [58709] Functions runtime initialized. {\"cwd\":\"/Users/tuncayekmez/Desktop/AI-Logo-Generator/functions\",\"node_version\":\"20.15.0\"}"}}
[debug] [2025-04-14T19:05:09.917Z] [runtime-status] [58709] Listening to port: /var/folders/1z/cbhxx3nx20x0vyx4nd865nkc0000gn/T/fire_emu_b4989b45405c0def.sock {"metadata":{"emulator":{"name":"functions"},"function":{"name":"us-central1-addLogo"},"extension":{},"message":"[runtime-status] [58709] Listening to port: /var/folders/1z/cbhxx3nx20x0vyx4nd865nkc0000gn/T/fire_emu_b4989b45405c0def.sock"}}
[debug] [2025-04-14T19:05:09.957Z] [worker-us-central1-addLogo-7c78a253-b9a5-4d19-b3de-55e78dc64a5e]: IDLE {"metadata":{"emulator":{"name":"functions"},"function":{"name":"us-central1-addLogo"},"extension":{},"message":"[worker-us-central1-addLogo-7c78a253-b9a5-4d19-b3de-55e78dc64a5e]: IDLE"}}
[debug] [2025-04-14T19:05:09.957Z] [worker-pool] submitRequest(triggerId=us-central1-addLogo) {"metadata":{"emulator":{"name":"functions"},"message":"[worker-pool] submitRequest(triggerId=us-central1-addLogo)"}}
[info] i  functions: Beginning execution of "us-central1-addLogo" {"metadata":{"emulator":{"name":"functions"},"function":{"name":"us-central1-addLogo"},"extension":{},"message":"Beginning execution of \"us-central1-addLogo\""}}
[debug] [2025-04-14T19:05:09.957Z] [worker-us-central1-addLogo-7c78a253-b9a5-4d19-b3de-55e78dc64a5e]: BUSY {"metadata":{"emulator":{"name":"functions"},"function":{"name":"us-central1-addLogo"},"extension":{},"message":"[worker-us-central1-addLogo-7c78a253-b9a5-4d19-b3de-55e78dc64a5e]: BUSY"}}
[info] >  {"verifications":{"app":"MISSING","auth":"MISSING"},"logging.googleapis.com/labels":{"firebase-log-type":"callable-request-verification"},"severity":"DEBUG","message":"Callable request verification passed"} {"user":{"verifications":{"app":"MISSING","auth":"MISSING"},"logging.googleapis.com/labels":{"firebase-log-type":"callable-request-verification"},"severity":"DEBUG","message":"Callable request verification passed"},"metadata":{"emulator":{"name":"functions"},"function":{"name":"us-central1-addLogo"},"extension":{},"message":"\u001b[90m> \u001b[39m {\"verifications\":{\"app\":\"MISSING\",\"auth\":\"MISSING\"},\"logging.googleapis.com/labels\":{\"firebase-log-type\":\"callable-request-verification\"},\"severity\":\"DEBUG\",\"message\":\"Callable request verification passed\"}"}}
[warn] ⚠  functions: The Cloud Firestore emulator is not running, so calls to Firestore will affect production. {"metadata":{"emulator":{"name":"functions"},"function":{"name":"us-central1-addLogo"},"extension":{},"message":"The Cloud Firestore emulator is not running, so calls to Firestore will affect production."}}
[warn] ⚠  Google API requested!
   - URL: "https://oauth2.googleapis.com/token"
   - Be careful, this may be a production service. {"metadata":{"emulator":{"name":"functions"},"function":{"name":"us-central1-addLogo"},"extension":{},"message":"Google API requested!\n   - URL: \"https://oauth2.googleapis.com/token\"\n   - Be careful, this may be a production service."}}
[info] >  {"severity":"INFO","message":"Added successfully logo, id: XrdNXRBccVy01FAFmnp7"} {"user":{"severity":"INFO","message":"Added successfully logo, id: XrdNXRBccVy01FAFmnp7"},"metadata":{"emulator":{"name":"functions"},"function":{"name":"us-central1-addLogo"},"extension":{},"message":"\u001b[90m> \u001b[39m {\"severity\":\"INFO\",\"message\":\"Added successfully logo, id: XrdNXRBccVy01FAFmnp7\"}"}}
[debug] [2025-04-14T19:05:10.639Z] Finishing up request with event=pause {"metadata":{"emulator":{"name":"functions"},"function":{"name":"us-central1-addLogo"},"extension":{},"message":"Finishing up request with event=pause"}}
[info] i  functions: Finished "us-central1-addLogo" in 682.584083ms {"metadata":{"emulator":{"name":"functions"},"function":{"name":"us-central1-addLogo"},"extension":{},"message":"Finished \"us-central1-addLogo\" in 682.584083ms"}}
[debug] [2025-04-14T19:05:10.639Z] [worker-us-central1-addLogo-7c78a253-b9a5-4d19-b3de-55e78dc64a5e]: IDLE {"metadata":{"emulator":{"name":"functions"},"function":{"name":"us-central1-addLogo"},"extension":{},"message":"[worker-us-central1-addLogo-7c78a253-b9a5-4d19-b3de-55e78dc64a5e]: IDLE"}}
[debug] [2025-04-14T19:05:10.640Z] Finishing up request with event=finish {"metadata":{"emulator":{"name":"functions"},"function":{"name":"us-central1-addLogo"},"extension":{},"message":"Finishing up request with event=finish"}}
[debug] [2025-04-14T19:05:10.640Z] Finishing up request with event=close {"metadata":{"emulator":{"name":"functions"},"function":{"name":"us-central1-addLogo"},"extension":{},"message":"Finishing up request with event=close"}}
[debug] [2025-04-14T19:05:10.640Z] [work-queue] {"queuedWork":[],"queueLength":0,"runningWork":[],"workRunningCount":0}
[debug] [2025-04-14T19:08:44.843Z] [work-queue] {"queuedWork":["/ai-logo-generator-a664d/us-central1/generateLogo-2025-04-14T19:08:44.842Z"],"queueLength":1,"runningWork":[],"workRunningCount":0}
[debug] [2025-04-14T19:08:44.844Z] [work-queue] {"queuedWork":[],"queueLength":0,"runningWork":["/ai-logo-generator-a664d/us-central1/generateLogo-2025-04-14T19:08:44.842Z"],"workRunningCount":1}
[debug] [2025-04-14T19:08:44.844Z] Accepted request POST /ai-logo-generator-a664d/us-central1/generateLogo --> us-central1-generateLogo
[debug] [2025-04-14T19:08:44.845Z] [functions] Runtime ready! Sending request! {"metadata":{"emulator":{"name":"functions"},"message":"[functions] Runtime ready! Sending request!"}}
[debug] [2025-04-14T19:08:44.845Z] [functions] Got req.url=/ai-logo-generator-a664d/us-central1/generateLogo, mapping to path=/ {"metadata":{"emulator":{"name":"functions"},"message":"[functions] Got req.url=/ai-logo-generator-a664d/us-central1/generateLogo, mapping to path=/"}}
[debug] [2025-04-14T19:08:44.846Z] [worker-pool] submitRequest(triggerId=us-central1-generateLogo) {"metadata":{"emulator":{"name":"functions"},"message":"[worker-pool] submitRequest(triggerId=us-central1-generateLogo)"}}
[info] i  functions: Beginning execution of "us-central1-generateLogo" {"metadata":{"emulator":{"name":"functions"},"function":{"name":"us-central1-generateLogo"},"extension":{},"message":"Beginning execution of \"us-central1-generateLogo\""}}
[debug] [2025-04-14T19:08:44.847Z] [worker-us-central1-generateLogo-36f9d0f6-9fae-41e7-8eef-bf0edd7801dd]: BUSY {"metadata":{"emulator":{"name":"functions"},"function":{"name":"us-central1-generateLogo"},"extension":{},"message":"[worker-us-central1-generateLogo-36f9d0f6-9fae-41e7-8eef-bf0edd7801dd]: BUSY"}}
[info] >  {"verifications":{"app":"MISSING","auth":"MISSING"},"logging.googleapis.com/labels":{"firebase-log-type":"callable-request-verification"},"severity":"DEBUG","message":"Callable request verification passed"} {"user":{"verifications":{"app":"MISSING","auth":"MISSING"},"logging.googleapis.com/labels":{"firebase-log-type":"callable-request-verification"},"severity":"DEBUG","message":"Callable request verification passed"},"metadata":{"emulator":{"name":"functions"},"function":{"name":"us-central1-generateLogo"},"extension":{},"message":"\u001b[90m> \u001b[39m {\"verifications\":{\"app\":\"MISSING\",\"auth\":\"MISSING\"},\"logging.googleapis.com/labels\":{\"firebase-log-type\":\"callable-request-verification\"},\"severity\":\"DEBUG\",\"message\":\"Callable request verification passed\"}"}}
[debug] [2025-04-14T19:08:47.741Z] Finishing up request with event=pause {"metadata":{"emulator":{"name":"functions"},"function":{"name":"us-central1-generateLogo"},"extension":{},"message":"Finishing up request with event=pause"}}
[info] i  functions: Finished "us-central1-generateLogo" in 2894.431541ms {"metadata":{"emulator":{"name":"functions"},"function":{"name":"us-central1-generateLogo"},"extension":{},"message":"Finished \"us-central1-generateLogo\" in 2894.431541ms"}}
[debug] [2025-04-14T19:08:47.742Z] [worker-us-central1-generateLogo-36f9d0f6-9fae-41e7-8eef-bf0edd7801dd]: IDLE {"metadata":{"emulator":{"name":"functions"},"function":{"name":"us-central1-generateLogo"},"extension":{},"message":"[worker-us-central1-generateLogo-36f9d0f6-9fae-41e7-8eef-bf0edd7801dd]: IDLE"}}
[debug] [2025-04-14T19:08:47.742Z] Finishing up request with event=finish {"metadata":{"emulator":{"name":"functions"},"function":{"name":"us-central1-generateLogo"},"extension":{},"message":"Finishing up request with event=finish"}}
[debug] [2025-04-14T19:08:47.742Z] Finishing up request with event=close {"metadata":{"emulator":{"name":"functions"},"function":{"name":"us-central1-generateLogo"},"extension":{},"message":"Finishing up request with event=close"}}
[debug] [2025-04-14T19:08:47.742Z] [work-queue] {"queuedWork":[],"queueLength":0,"runningWork":[],"workRunningCount":0}
[debug] [2025-04-14T19:08:47.778Z] [work-queue] {"queuedWork":["/ai-logo-generator-a664d/us-central1/addLogo-2025-04-14T19:08:47.778Z"],"queueLength":1,"runningWork":[],"workRunningCount":0}
[debug] [2025-04-14T19:08:47.778Z] [work-queue] {"queuedWork":[],"queueLength":0,"runningWork":["/ai-logo-generator-a664d/us-central1/addLogo-2025-04-14T19:08:47.778Z"],"workRunningCount":1}
[debug] [2025-04-14T19:08:47.778Z] Accepted request POST /ai-logo-generator-a664d/us-central1/addLogo --> us-central1-addLogo
[debug] [2025-04-14T19:08:47.778Z] [functions] Runtime ready! Sending request! {"metadata":{"emulator":{"name":"functions"},"message":"[functions] Runtime ready! Sending request!"}}
[debug] [2025-04-14T19:08:47.779Z] [functions] Got req.url=/ai-logo-generator-a664d/us-central1/addLogo, mapping to path=/ {"metadata":{"emulator":{"name":"functions"},"message":"[functions] Got req.url=/ai-logo-generator-a664d/us-central1/addLogo, mapping to path=/"}}
[debug] [2025-04-14T19:08:47.779Z] [worker-pool] submitRequest(triggerId=us-central1-addLogo) {"metadata":{"emulator":{"name":"functions"},"message":"[worker-pool] submitRequest(triggerId=us-central1-addLogo)"}}
[info] i  functions: Beginning execution of "us-central1-addLogo" {"metadata":{"emulator":{"name":"functions"},"function":{"name":"us-central1-addLogo"},"extension":{},"message":"Beginning execution of \"us-central1-addLogo\""}}
[debug] [2025-04-14T19:08:47.779Z] [worker-us-central1-addLogo-7c78a253-b9a5-4d19-b3de-55e78dc64a5e]: BUSY {"metadata":{"emulator":{"name":"functions"},"function":{"name":"us-central1-addLogo"},"extension":{},"message":"[worker-us-central1-addLogo-7c78a253-b9a5-4d19-b3de-55e78dc64a5e]: BUSY"}}
[info] >  {"verifications":{"app":"MISSING","auth":"MISSING"},"logging.googleapis.com/labels":{"firebase-log-type":"callable-request-verification"},"severity":"DEBUG","message":"Callable request verification passed"} {"user":{"verifications":{"app":"MISSING","auth":"MISSING"},"logging.googleapis.com/labels":{"firebase-log-type":"callable-request-verification"},"severity":"DEBUG","message":"Callable request verification passed"},"metadata":{"emulator":{"name":"functions"},"function":{"name":"us-central1-addLogo"},"extension":{},"message":"\u001b[90m> \u001b[39m {\"verifications\":{\"app\":\"MISSING\",\"auth\":\"MISSING\"},\"logging.googleapis.com/labels\":{\"firebase-log-type\":\"callable-request-verification\"},\"severity\":\"DEBUG\",\"message\":\"Callable request verification passed\"}"}}
[info] >  {"severity":"INFO","message":"Added successfully logo, id: o0cjwqU1OM943kwx5XKG"} {"user":{"severity":"INFO","message":"Added successfully logo, id: o0cjwqU1OM943kwx5XKG"},"metadata":{"emulator":{"name":"functions"},"function":{"name":"us-central1-addLogo"},"extension":{},"message":"\u001b[90m> \u001b[39m {\"severity\":\"INFO\",\"message\":\"Added successfully logo, id: o0cjwqU1OM943kwx5XKG\"}"}}
[debug] [2025-04-14T19:08:48.047Z] Finishing up request with event=pause {"metadata":{"emulator":{"name":"functions"},"function":{"name":"us-central1-addLogo"},"extension":{},"message":"Finishing up request with event=pause"}}
[info] i  functions: Finished "us-central1-addLogo" in 269.887292ms {"metadata":{"emulator":{"name":"functions"},"function":{"name":"us-central1-addLogo"},"extension":{},"message":"Finished \"us-central1-addLogo\" in 269.887292ms"}}
[debug] [2025-04-14T19:08:48.051Z] [worker-us-central1-addLogo-7c78a253-b9a5-4d19-b3de-55e78dc64a5e]: IDLE {"metadata":{"emulator":{"name":"functions"},"function":{"name":"us-central1-addLogo"},"extension":{},"message":"[worker-us-central1-addLogo-7c78a253-b9a5-4d19-b3de-55e78dc64a5e]: IDLE"}}
[debug] [2025-04-14T19:08:48.051Z] Finishing up request with event=finish {"metadata":{"emulator":{"name":"functions"},"function":{"name":"us-central1-addLogo"},"extension":{},"message":"Finishing up request with event=finish"}}
[debug] [2025-04-14T19:08:48.052Z] Finishing up request with event=close {"metadata":{"emulator":{"name":"functions"},"function":{"name":"us-central1-addLogo"},"extension":{},"message":"Finishing up request with event=close"}}
[debug] [2025-04-14T19:08:48.052Z] [work-queue] {"queuedWork":[],"queueLength":0,"runningWork":[],"workRunningCount":0}
[debug] [2025-04-14T19:10:27.505Z] [work-queue] {"queuedWork":["/ai-logo-generator-a664d/us-central1/generateLogo-2025-04-14T19:10:27.505Z"],"queueLength":1,"runningWork":[],"workRunningCount":0}
[debug] [2025-04-14T19:10:27.511Z] [work-queue] {"queuedWork":[],"queueLength":0,"runningWork":["/ai-logo-generator-a664d/us-central1/generateLogo-2025-04-14T19:10:27.505Z"],"workRunningCount":1}
[debug] [2025-04-14T19:10:27.511Z] Accepted request POST /ai-logo-generator-a664d/us-central1/generateLogo --> us-central1-generateLogo
[debug] [2025-04-14T19:10:27.512Z] [functions] Runtime ready! Sending request! {"metadata":{"emulator":{"name":"functions"},"message":"[functions] Runtime ready! Sending request!"}}
[debug] [2025-04-14T19:10:27.512Z] [functions] Got req.url=/ai-logo-generator-a664d/us-central1/generateLogo, mapping to path=/ {"metadata":{"emulator":{"name":"functions"},"message":"[functions] Got req.url=/ai-logo-generator-a664d/us-central1/generateLogo, mapping to path=/"}}
[debug] [2025-04-14T19:10:27.513Z] [worker-pool] submitRequest(triggerId=us-central1-generateLogo) {"metadata":{"emulator":{"name":"functions"},"message":"[worker-pool] submitRequest(triggerId=us-central1-generateLogo)"}}
[info] i  functions: Beginning execution of "us-central1-generateLogo" {"metadata":{"emulator":{"name":"functions"},"function":{"name":"us-central1-generateLogo"},"extension":{},"message":"Beginning execution of \"us-central1-generateLogo\""}}
[debug] [2025-04-14T19:10:27.514Z] [worker-us-central1-generateLogo-36f9d0f6-9fae-41e7-8eef-bf0edd7801dd]: BUSY {"metadata":{"emulator":{"name":"functions"},"function":{"name":"us-central1-generateLogo"},"extension":{},"message":"[worker-us-central1-generateLogo-36f9d0f6-9fae-41e7-8eef-bf0edd7801dd]: BUSY"}}
[info] >  {"verifications":{"app":"MISSING","auth":"MISSING"},"logging.googleapis.com/labels":{"firebase-log-type":"callable-request-verification"},"severity":"DEBUG","message":"Callable request verification passed"} {"user":{"verifications":{"app":"MISSING","auth":"MISSING"},"logging.googleapis.com/labels":{"firebase-log-type":"callable-request-verification"},"severity":"DEBUG","message":"Callable request verification passed"},"metadata":{"emulator":{"name":"functions"},"function":{"name":"us-central1-generateLogo"},"extension":{},"message":"\u001b[90m> \u001b[39m {\"verifications\":{\"app\":\"MISSING\",\"auth\":\"MISSING\"},\"logging.googleapis.com/labels\":{\"firebase-log-type\":\"callable-request-verification\"},\"severity\":\"DEBUG\",\"message\":\"Callable request verification passed\"}"}}
[debug] [2025-04-14T19:10:30.031Z] Finishing up request with event=pause {"metadata":{"emulator":{"name":"functions"},"function":{"name":"us-central1-generateLogo"},"extension":{},"message":"Finishing up request with event=pause"}}
[info] i  functions: Finished "us-central1-generateLogo" in 2517.587584ms {"metadata":{"emulator":{"name":"functions"},"function":{"name":"us-central1-generateLogo"},"extension":{},"message":"Finished \"us-central1-generateLogo\" in 2517.587584ms"}}
[debug] [2025-04-14T19:10:30.032Z] [worker-us-central1-generateLogo-36f9d0f6-9fae-41e7-8eef-bf0edd7801dd]: IDLE {"metadata":{"emulator":{"name":"functions"},"function":{"name":"us-central1-generateLogo"},"extension":{},"message":"[worker-us-central1-generateLogo-36f9d0f6-9fae-41e7-8eef-bf0edd7801dd]: IDLE"}}
[debug] [2025-04-14T19:10:30.032Z] Finishing up request with event=finish {"metadata":{"emulator":{"name":"functions"},"function":{"name":"us-central1-generateLogo"},"extension":{},"message":"Finishing up request with event=finish"}}
[debug] [2025-04-14T19:10:30.032Z] Finishing up request with event=close {"metadata":{"emulator":{"name":"functions"},"function":{"name":"us-central1-generateLogo"},"extension":{},"message":"Finishing up request with event=close"}}
[debug] [2025-04-14T19:10:30.032Z] [work-queue] {"queuedWork":[],"queueLength":0,"runningWork":[],"workRunningCount":0}
[debug] [2025-04-14T19:10:30.061Z] [work-queue] {"queuedWork":["/ai-logo-generator-a664d/us-central1/addLogo-2025-04-14T19:10:30.061Z"],"queueLength":1,"runningWork":[],"workRunningCount":0}
[debug] [2025-04-14T19:10:30.062Z] [work-queue] {"queuedWork":[],"queueLength":0,"runningWork":["/ai-logo-generator-a664d/us-central1/addLogo-2025-04-14T19:10:30.061Z"],"workRunningCount":1}
[debug] [2025-04-14T19:10:30.062Z] Accepted request POST /ai-logo-generator-a664d/us-central1/addLogo --> us-central1-addLogo
[debug] [2025-04-14T19:10:30.062Z] [functions] Runtime ready! Sending request! {"metadata":{"emulator":{"name":"functions"},"message":"[functions] Runtime ready! Sending request!"}}
[debug] [2025-04-14T19:10:30.062Z] [functions] Got req.url=/ai-logo-generator-a664d/us-central1/addLogo, mapping to path=/ {"metadata":{"emulator":{"name":"functions"},"message":"[functions] Got req.url=/ai-logo-generator-a664d/us-central1/addLogo, mapping to path=/"}}
[debug] [2025-04-14T19:10:30.062Z] [worker-pool] submitRequest(triggerId=us-central1-addLogo) {"metadata":{"emulator":{"name":"functions"},"message":"[worker-pool] submitRequest(triggerId=us-central1-addLogo)"}}
[info] i  functions: Beginning execution of "us-central1-addLogo" {"metadata":{"emulator":{"name":"functions"},"function":{"name":"us-central1-addLogo"},"extension":{},"message":"Beginning execution of \"us-central1-addLogo\""}}
[debug] [2025-04-14T19:10:30.062Z] [worker-us-central1-addLogo-7c78a253-b9a5-4d19-b3de-55e78dc64a5e]: BUSY {"metadata":{"emulator":{"name":"functions"},"function":{"name":"us-central1-addLogo"},"extension":{},"message":"[worker-us-central1-addLogo-7c78a253-b9a5-4d19-b3de-55e78dc64a5e]: BUSY"}}
[info] >  {"verifications":{"app":"MISSING","auth":"MISSING"},"logging.googleapis.com/labels":{"firebase-log-type":"callable-request-verification"},"severity":"DEBUG","message":"Callable request verification passed"} {"user":{"verifications":{"app":"MISSING","auth":"MISSING"},"logging.googleapis.com/labels":{"firebase-log-type":"callable-request-verification"},"severity":"DEBUG","message":"Callable request verification passed"},"metadata":{"emulator":{"name":"functions"},"function":{"name":"us-central1-addLogo"},"extension":{},"message":"\u001b[90m> \u001b[39m {\"verifications\":{\"app\":\"MISSING\",\"auth\":\"MISSING\"},\"logging.googleapis.com/labels\":{\"firebase-log-type\":\"callable-request-verification\"},\"severity\":\"DEBUG\",\"message\":\"Callable request verification passed\"}"}}
[info] >  {"severity":"INFO","message":"Added successfully logo, id: moyQ4VYMs9UQzTjKaNxf"} {"user":{"severity":"INFO","message":"Added successfully logo, id: moyQ4VYMs9UQzTjKaNxf"},"metadata":{"emulator":{"name":"functions"},"function":{"name":"us-central1-addLogo"},"extension":{},"message":"\u001b[90m> \u001b[39m {\"severity\":\"INFO\",\"message\":\"Added successfully logo, id: moyQ4VYMs9UQzTjKaNxf\"}"}}
[debug] [2025-04-14T19:10:30.390Z] Finishing up request with event=pause {"metadata":{"emulator":{"name":"functions"},"function":{"name":"us-central1-addLogo"},"extension":{},"message":"Finishing up request with event=pause"}}
[info] i  functions: Finished "us-central1-addLogo" in 327.347375ms {"metadata":{"emulator":{"name":"functions"},"function":{"name":"us-central1-addLogo"},"extension":{},"message":"Finished \"us-central1-addLogo\" in 327.347375ms"}}
[debug] [2025-04-14T19:10:30.391Z] [worker-us-central1-addLogo-7c78a253-b9a5-4d19-b3de-55e78dc64a5e]: IDLE {"metadata":{"emulator":{"name":"functions"},"function":{"name":"us-central1-addLogo"},"extension":{},"message":"[worker-us-central1-addLogo-7c78a253-b9a5-4d19-b3de-55e78dc64a5e]: IDLE"}}
[debug] [2025-04-14T19:10:30.392Z] Finishing up request with event=finish {"metadata":{"emulator":{"name":"functions"},"function":{"name":"us-central1-addLogo"},"extension":{},"message":"Finishing up request with event=finish"}}
[debug] [2025-04-14T19:10:30.392Z] Finishing up request with event=close {"metadata":{"emulator":{"name":"functions"},"function":{"name":"us-central1-addLogo"},"extension":{},"message":"Finishing up request with event=close"}}
[debug] [2025-04-14T19:10:30.392Z] [work-queue] {"queuedWork":[],"queueLength":0,"runningWork":[],"workRunningCount":0}
